2023-08-12T00:42:08.601-03:00  WARN 53483 --- [HikariPool-1 housekeeper] com.zaxxer.hikari.pool.HikariPool        : HikariPool-1 - Thread starvation or clock leap detected (housekeeper delta=6m2s993ms).
2023-08-12T02:21:17.846-03:00  WARN 53483 --- [HikariPool-1 housekeeper] com.zaxxer.hikari.pool.HikariPool        : HikariPool-1 - Thread starvation or clock leap detected (housekeeper delta=1h37m39s165ms).
2023-08-12T02:27:00.682-03:00  WARN 53483 --- [HikariPool-1 housekeeper] com.zaxxer.hikari.pool.HikariPool        : HikariPool-1 - Thread starvation or clock leap detected (housekeeper delta=5m12s828ms).
2023-08-12T02:32:13.886-03:00  WARN 53483 --- [HikariPool-1 housekeeper] com.zaxxer.hikari.pool.HikariPool        : HikariPool-1 - Thread starvation or clock leap detected (housekeeper delta=5m13s204ms).
2023-08-12T02:37:56.173-03:00  WARN 53483 --- [HikariPool-1 housekeeper] com.zaxxer.hikari.pool.HikariPool        : HikariPool-1 - Thread starvation or clock leap detected (housekeeper delta=5m11s960ms).
2023-08-12T04:11:14.180-03:00  WARN 53483 --- [HikariPool-1 housekeeper] com.zaxxer.hikari.pool.HikariPool        : HikariPool-1 - Thread starvation or clock leap detected (housekeeper delta=1h32m48s1ms).
2023-08-12T04:16:28.125-03:00  WARN 53483 --- [HikariPool-1 housekeeper] com.zaxxer.hikari.pool.HikariPool        : HikariPool-1 - Thread starvation or clock leap detected (housekeeper delta=5m13s945ms).
2023-08-12T05:38:51.819-03:00  WARN 53483 --- [HikariPool-1 housekeeper] com.zaxxer.hikari.pool.HikariPool        : HikariPool-1 - Thread starvation or clock leap detected (housekeeper delta=1h21m53s550ms).
2023-08-12T07:27:07.809-03:00  WARN 53483 --- [HikariPool-1 housekeeper] com.zaxxer.hikari.pool.HikariPool        : HikariPool-1 - Thread starvation or clock leap detected (housekeeper delta=1h47m45s985ms).
2023-08-12T08:57:33.765-03:00  WARN 53483 --- [HikariPool-1 housekeeper] com.zaxxer.hikari.pool.HikariPool        : HikariPool-1 - Thread starvation or clock leap detected (housekeeper delta=1h29m55s955ms).
2023-08-12T09:54:01.199-03:00  WARN 53483 --- [HikariPool-1 housekeeper] com.zaxxer.hikari.pool.HikariPool        : HikariPool-1 - Thread starvation or clock leap detected (housekeeper delta=33m57s287ms).
2023-08-12T10:24:23.174-03:00  INFO 53483 --- [SpringApplicationShutdownHook] j.LocalContainerEntityManagerFactoryBean : Closing JPA EntityManagerFactory for persistence unit 'default'
2023-08-12T10:24:23.178-03:00  INFO 53483 --- [SpringApplicationShutdownHook] com.zaxxer.hikari.HikariDataSource       : HikariPool-1 - Shutdown initiated...
2023-08-12T10:24:23.181-03:00  INFO 53483 --- [SpringApplicationShutdownHook] com.zaxxer.hikari.HikariDataSource       : HikariPool-1 - Shutdown completed.
2023-08-12T10:24:47.322-03:00  INFO 79038 --- [main] b.p.authserver.AuthServerApplicationKt   : Starting AuthServerApplicationKt using Java 18.0.2.1 with PID 79038 (/Users/brunoimai/gado_app/GadoApp/authserver-main/build/classes/kotlin/main started by brunoimai in /Users/brunoimai/gado_app/GadoApp)
2023-08-12T10:24:47.324-03:00  INFO 79038 --- [main] b.p.authserver.AuthServerApplicationKt   : No active profile set, falling back to 1 default profile: "default"
2023-08-12T10:24:48.526-03:00  INFO 79038 --- [main] .s.d.r.c.RepositoryConfigurationDelegate : Bootstrapping Spring Data JPA repositories in DEFAULT mode.
2023-08-12T10:24:48.595-03:00  INFO 79038 --- [main] .s.d.r.c.RepositoryConfigurationDelegate : Finished Spring Data repository scanning in 60 ms. Found 6 JPA repository interfaces.
2023-08-12T10:24:49.241-03:00  INFO 79038 --- [main] o.s.b.w.embedded.tomcat.TomcatWebServer  : Tomcat initialized with port(s): 8080 (http)
2023-08-12T10:24:49.252-03:00  INFO 79038 --- [main] o.apache.catalina.core.StandardService   : Starting service [Tomcat]
2023-08-12T10:24:49.253-03:00  INFO 79038 --- [main] o.apache.catalina.core.StandardEngine    : Starting Servlet engine: [Apache Tomcat/10.1.7]
2023-08-12T10:24:49.333-03:00  INFO 79038 --- [main] o.a.c.c.C.[Tomcat].[localhost].[/api]    : Initializing Spring embedded WebApplicationContext
2023-08-12T10:24:49.334-03:00  INFO 79038 --- [main] w.s.c.ServletWebServerApplicationContext : Root WebApplicationContext: initialization completed in 1934 ms
2023-08-12T10:24:49.552-03:00  INFO 79038 --- [main] o.hibernate.jpa.internal.util.LogHelper  : HHH000204: Processing PersistenceUnitInfo [name: default]
2023-08-12T10:24:49.629-03:00  INFO 79038 --- [main] org.hibernate.Version                    : HHH000412: Hibernate ORM core version 6.1.7.Final
2023-08-12T10:24:49.917-03:00  INFO 79038 --- [main] com.zaxxer.hikari.HikariDataSource       : HikariPool-1 - Starting...
2023-08-12T10:24:50.217-03:00  INFO 79038 --- [main] com.zaxxer.hikari.pool.HikariPool        : HikariPool-1 - Added connection com.mysql.cj.jdbc.ConnectionImpl@1bdafb01
2023-08-12T10:24:50.219-03:00  INFO 79038 --- [main] com.zaxxer.hikari.HikariDataSource       : HikariPool-1 - Start completed.
2023-08-12T10:24:50.316-03:00  INFO 79038 --- [main] SQL dialect                              : HHH000400: Using dialect: org.hibernate.dialect.MySQLDialect
2023-08-12T10:24:51.656-03:00  INFO 79038 --- [main] o.h.e.t.j.p.i.JtaPlatformInitiator       : HHH000490: Using JtaPlatform implementation: [org.hibernate.engine.transaction.jta.platform.internal.NoJtaPlatform]
2023-08-12T10:24:51.666-03:00  INFO 79038 --- [main] j.LocalContainerEntityManagerFactoryBean : Initialized JPA EntityManagerFactory for persistence unit 'default'
2023-08-12T10:24:52.792-03:00  WARN 79038 --- [main] JpaBaseConfiguration$JpaWebConfiguration : spring.jpa.open-in-view is enabled by default. Therefore, database queries may be performed during view rendering. Explicitly configure spring.jpa.open-in-view to disable this warning
2023-08-12T10:24:52.832-03:00  WARN 79038 --- [main] .s.s.UserDetailsServiceAutoConfiguration : 

Using generated security password: 879065a7-28aa-47f5-840c-ea013ac79fe0

This generated password is for development use only. Your security configuration must be updated before running your application in production.

2023-08-12T10:24:53.161-03:00  INFO 79038 --- [main] o.s.s.web.DefaultSecurityFilterChain     : Will secure any request with [org.springframework.security.web.session.DisableEncodeUrlFilter@68abf2ad, org.springframework.security.web.context.request.async.WebAsyncManagerIntegrationFilter@2cf29dce, org.springframework.security.web.context.SecurityContextHolderFilter@2e89310c, org.springframework.security.web.header.HeaderWriterFilter@35825d43, org.springframework.web.filter.CorsFilter@5921b93c, org.springframework.security.web.authentication.logout.LogoutFilter@65c97eeb, br.pucpr.authserver.security.JwtTokenFilter@6b2dd3df, org.springframework.security.web.savedrequest.RequestCacheAwareFilter@567412db, org.springframework.security.web.servletapi.SecurityContextHolderAwareRequestFilter@4addfb95, org.springframework.security.web.authentication.AnonymousAuthenticationFilter@5cdd5ff9, org.springframework.security.web.session.SessionManagementFilter@4ca6e265, org.springframework.security.web.access.ExceptionTranslationFilter@22071f0, org.springframework.security.web.access.intercept.AuthorizationFilter@245a90b1]
2023-08-12T10:24:53.546-03:00  INFO 79038 --- [main] o.s.b.w.embedded.tomcat.TomcatWebServer  : Tomcat started on port(s): 8080 (http) with context path '/api'
2023-08-12T10:24:53.642-03:00  INFO 79038 --- [main] b.p.authserver.AuthServerApplicationKt   : Started AuthServerApplicationKt in 6.675 seconds (process running for 7.31)
2023-08-12T10:33:46.672-03:00  INFO 1687 --- [main] b.p.authserver.AuthServerApplicationKt   : Starting AuthServerApplicationKt using Java 18.0.2.1 with PID 1687 (/Users/brunoimai/gado_app/GadoApp/authserver-main/build/classes/kotlin/main started by brunoimai in /Users/brunoimai/gado_app/GadoApp)
2023-08-12T10:33:46.675-03:00  INFO 1687 --- [main] b.p.authserver.AuthServerApplicationKt   : No active profile set, falling back to 1 default profile: "default"
2023-08-12T10:33:47.591-03:00  INFO 1687 --- [main] .s.d.r.c.RepositoryConfigurationDelegate : Bootstrapping Spring Data JPA repositories in DEFAULT mode.
2023-08-12T10:33:47.659-03:00  INFO 1687 --- [main] .s.d.r.c.RepositoryConfigurationDelegate : Finished Spring Data repository scanning in 61 ms. Found 6 JPA repository interfaces.
2023-08-12T10:33:48.279-03:00  INFO 1687 --- [main] o.s.b.w.embedded.tomcat.TomcatWebServer  : Tomcat initialized with port(s): 8080 (http)
2023-08-12T10:33:48.291-03:00  INFO 1687 --- [main] o.apache.catalina.core.StandardService   : Starting service [Tomcat]
2023-08-12T10:33:48.292-03:00  INFO 1687 --- [main] o.apache.catalina.core.StandardEngine    : Starting Servlet engine: [Apache Tomcat/10.1.7]
2023-08-12T10:33:48.404-03:00  INFO 1687 --- [main] o.a.c.c.C.[Tomcat].[localhost].[/api]    : Initializing Spring embedded WebApplicationContext
2023-08-12T10:33:48.404-03:00  INFO 1687 --- [main] w.s.c.ServletWebServerApplicationContext : Root WebApplicationContext: initialization completed in 1669 ms
2023-08-12T10:33:48.636-03:00  INFO 1687 --- [main] o.hibernate.jpa.internal.util.LogHelper  : HHH000204: Processing PersistenceUnitInfo [name: default]
2023-08-12T10:33:48.708-03:00  INFO 1687 --- [main] org.hibernate.Version                    : HHH000412: Hibernate ORM core version 6.1.7.Final
2023-08-12T10:33:49.054-03:00  INFO 1687 --- [main] com.zaxxer.hikari.HikariDataSource       : HikariPool-1 - Starting...
2023-08-12T10:33:49.417-03:00  INFO 1687 --- [main] com.zaxxer.hikari.pool.HikariPool        : HikariPool-1 - Added connection com.mysql.cj.jdbc.ConnectionImpl@102af1bb
2023-08-12T10:33:49.418-03:00  INFO 1687 --- [main] com.zaxxer.hikari.HikariDataSource       : HikariPool-1 - Start completed.
2023-08-12T10:33:49.514-03:00  INFO 1687 --- [main] SQL dialect                              : HHH000400: Using dialect: org.hibernate.dialect.MySQLDialect
2023-08-12T10:33:50.890-03:00  INFO 1687 --- [main] o.h.e.t.j.p.i.JtaPlatformInitiator       : HHH000490: Using JtaPlatform implementation: [org.hibernate.engine.transaction.jta.platform.internal.NoJtaPlatform]
2023-08-12T10:33:50.901-03:00  INFO 1687 --- [main] j.LocalContainerEntityManagerFactoryBean : Initialized JPA EntityManagerFactory for persistence unit 'default'
2023-08-12T10:33:52.071-03:00  WARN 1687 --- [main] JpaBaseConfiguration$JpaWebConfiguration : spring.jpa.open-in-view is enabled by default. Therefore, database queries may be performed during view rendering. Explicitly configure spring.jpa.open-in-view to disable this warning
2023-08-12T10:33:52.106-03:00  WARN 1687 --- [main] .s.s.UserDetailsServiceAutoConfiguration : 

Using generated security password: 6a149376-0b3b-4e15-b937-6f1bee68ff31

This generated password is for development use only. Your security configuration must be updated before running your application in production.

2023-08-12T10:33:52.422-03:00  INFO 1687 --- [main] o.s.s.web.DefaultSecurityFilterChain     : Will secure any request with [org.springframework.security.web.session.DisableEncodeUrlFilter@3f3e6c03, org.springframework.security.web.context.request.async.WebAsyncManagerIntegrationFilter@7d4bb16b, org.springframework.security.web.context.SecurityContextHolderFilter@33903444, org.springframework.security.web.header.HeaderWriterFilter@6d98e607, org.springframework.web.filter.CorsFilter@27dc627a, org.springframework.security.web.authentication.logout.LogoutFilter@14bbfdee, br.pucpr.authserver.security.JwtTokenFilter@713a35c5, org.springframework.security.web.savedrequest.RequestCacheAwareFilter@36361951, org.springframework.security.web.servletapi.SecurityContextHolderAwareRequestFilter@24c8bc1e, org.springframework.security.web.authentication.AnonymousAuthenticationFilter@74c919b2, org.springframework.security.web.session.SessionManagementFilter@1da9f44c, org.springframework.security.web.access.ExceptionTranslationFilter@1ac8f29c, org.springframework.security.web.access.intercept.AuthorizationFilter@636d4cdc]
2023-08-12T10:33:52.797-03:00  INFO 1687 --- [main] o.s.b.w.embedded.tomcat.TomcatWebServer  : Tomcat started on port(s): 8080 (http) with context path '/api'
2023-08-12T10:33:52.904-03:00  INFO 1687 --- [main] b.p.authserver.AuthServerApplicationKt   : Started AuthServerApplicationKt in 6.576 seconds (process running for 7.151)
2023-08-12T10:50:41.409-03:00  WARN 1687 --- [HikariPool-1 housekeeper] com.zaxxer.hikari.pool.HikariPool        : HikariPool-1 - Thread starvation or clock leap detected (housekeeper delta=12m51s717ms).
2023-08-12T10:51:57.469-03:00  INFO 1687 --- [http-nio-8080-exec-1] o.a.c.c.C.[Tomcat].[localhost].[/api]    : Initializing Spring DispatcherServlet 'dispatcherServlet'
2023-08-12T10:51:57.470-03:00  INFO 1687 --- [http-nio-8080-exec-1] o.s.web.servlet.DispatcherServlet        : Initializing Servlet 'dispatcherServlet'
2023-08-12T10:51:57.472-03:00  INFO 1687 --- [http-nio-8080-exec-1] o.s.web.servlet.DispatcherServlet        : Completed initialization in 2 ms
